0 info it worked if it ends with ok
1 verbose cli [ '/usr/local/bin/node',
1 verbose cli   '/usr/local/bin/npm',
1 verbose cli   'install',
1 verbose cli   'style-loader',
1 verbose cli   '--save-dev' ]
2 info using npm@3.3.6
3 info using node@v4.2.1
4 silly loadCurrentTree Starting
5 silly install loadCurrentTree
6 silly install readLocalPackageData
7 silly fetchPackageMetaData style-loader
8 silly fetchNamedPackageData style-loader
9 silly mapToRegistry name style-loader
10 silly mapToRegistry using default registry
11 silly mapToRegistry registry https://registry.npmjs.org/
12 silly mapToRegistry uri https://registry.npmjs.org/style-loader
13 verbose request uri https://registry.npmjs.org/style-loader
14 verbose request no auth needed
15 info attempt registry request try #1 at 7:35:22 AM
16 verbose request using bearer token for auth
17 verbose request id 39887a1d72985b55
18 http request GET https://registry.npmjs.org/style-loader
19 info retry will retry, error on last attempt: Error: getaddrinfo ENOTFOUND registry.npmjs.org registry.npmjs.org:443
20 info attempt registry request try #2 at 7:35:32 AM
21 verbose request using bearer token for auth
22 http request GET https://registry.npmjs.org/style-loader
23 info retry will retry, error on last attempt: Error: getaddrinfo ENOTFOUND registry.npmjs.org registry.npmjs.org:443
24 info attempt registry request try #3 at 7:36:32 AM
25 verbose request using bearer token for auth
26 http request GET https://registry.npmjs.org/style-loader
27 silly fetchPackageMetaData Error: getaddrinfo ENOTFOUND registry.npmjs.org registry.npmjs.org:443
27 silly fetchPackageMetaData     at errnoException (dns.js:26:10)
27 silly fetchPackageMetaData     at GetAddrInfoReqWrap.onlookup [as oncomplete] (dns.js:77:26)
27 silly fetchPackageMetaData  error for style-loader { [Error: getaddrinfo ENOTFOUND registry.npmjs.org registry.npmjs.org:443]
27 silly fetchPackageMetaData   code: 'ENOTFOUND',
27 silly fetchPackageMetaData   errno: 'ENOTFOUND',
27 silly fetchPackageMetaData   syscall: 'getaddrinfo',
27 silly fetchPackageMetaData   hostname: 'registry.npmjs.org',
27 silly fetchPackageMetaData   host: 'registry.npmjs.org',
27 silly fetchPackageMetaData   port: 443 }
28 silly rollbackFailedOptional Starting
29 silly rollbackFailedOptional Finishing
30 silly runTopLevelLifecycles Starting
31 silly runTopLevelLifecycles Finishing
32 silly install printInstalled
33 verbose stack Error: getaddrinfo ENOTFOUND registry.npmjs.org registry.npmjs.org:443
33 verbose stack     at errnoException (dns.js:26:10)
33 verbose stack     at GetAddrInfoReqWrap.onlookup [as oncomplete] (dns.js:77:26)
34 verbose cwd /Users/nickspiel/Sites/redditrtv/website
35 error Darwin 15.2.0
36 error argv "/usr/local/bin/node" "/usr/local/bin/npm" "install" "style-loader" "--save-dev"
37 error node v4.2.1
38 error npm  v3.3.6
39 error code ENOTFOUND
40 error errno ENOTFOUND
41 error syscall getaddrinfo
42 error network getaddrinfo ENOTFOUND registry.npmjs.org registry.npmjs.org:443
42 error network This is most likely not a problem with npm itself
42 error network and is related to network connectivity.
42 error network In most cases you are behind a proxy or have bad network settings.
42 error network
42 error network If you are behind a proxy, please make sure that the
42 error network 'proxy' config is set properly.  See: 'npm help config'
43 verbose exit [ 1, true ]
